{
  "RSpec": {
    "coverage": {
      "/home/fzero/Lighthouse/lectures/w8d1-rails-rspec/code/spec/models/bicycle_spec.rb": [
        1,
        null,
        1,
        null,
        1,
        null,
        2,
        2,
        2,
        null,
        null,
        null,
        1,
        null,
        1,
        2,
        2,
        2,
        null,
        null,
        1,
        1,
        1,
        null,
        null,
        1,
        1,
        1,
        null,
        null,
        null,
        null,
        1,
        null,
        1,
        1,
        1,
        null,
        null,
        1,
        1,
        1,
        null,
        null,
        null,
        null,
        null
      ],
      "/home/fzero/Lighthouse/lectures/w8d1-rails-rspec/code/spec/rails_helper.rb": [
        null,
        1,
        1,
        null,
        1,
        1,
        1,
        1,
        null,
        1,
        1,
        1,
        1,
        null,
        null,
        null,
        null,
        null,
        null,
        null,
        null,
        null,
        null,
        null,
        null,
        null,
        null,
        null,
        null,
        null,
        null,
        null,
        null,
        null,
        null,
        1,
        null,
        1,
        null,
        1,
        null,
        null,
        null,
        null,
        1,
        null,
        null,
        null,
        null,
        null,
        null,
        null,
        null,
        null,
        null,
        null,
        null,
        null,
        null,
        1,
        null,
        null,
        1,
        null,
        null,
        null
      ],
      "/home/fzero/Lighthouse/lectures/w8d1-rails-rspec/code/config/environment.rb": [
        null,
        1,
        null,
        null,
        1
      ],
      "/home/fzero/Lighthouse/lectures/w8d1-rails-rspec/code/config/application.rb": [
        1,
        null,
        1,
        null,
        1,
        1,
        1,
        1,
        1,
        1,
        null,
        1,
        null,
        null,
        null,
        null,
        1,
        null,
        1,
        1,
        null,
        null,
        null,
        null,
        null
      ],
      "/home/fzero/Lighthouse/lectures/w8d1-rails-rspec/code/config/boot.rb": [
        1,
        null,
        1
      ],
      "/home/fzero/Lighthouse/lectures/w8d1-rails-rspec/code/config/environments/test.rb": [
        1,
        null,
        null,
        null,
        null,
        null,
        null,
        1,
        null,
        null,
        null,
        null,
        1,
        null,
        null,
        1,
        1,
        null,
        null,
        null,
        null,
        1,
        1,
        null,
        null,
        1,
        null,
        null,
        1,
        1,
        null,
        null,
        null,
        null,
        1,
        null,
        null,
        1,
        null,
        null,
        null,
        null
      ],
      "/home/fzero/Lighthouse/lectures/w8d1-rails-rspec/code/config/initializers/application_controller_renderer.rb": [
        null,
        null,
        null,
        null,
        null,
        null
      ],
      "/home/fzero/Lighthouse/lectures/w8d1-rails-rspec/code/config/initializers/assets.rb": [
        null,
        null,
        null,
        1,
        null,
        null,
        null,
        null,
        null,
        null,
        null
      ],
      "/home/fzero/Lighthouse/lectures/w8d1-rails-rspec/code/config/initializers/backtrace_silencers.rb": [
        null,
        null,
        null,
        null,
        null,
        null,
        null
      ],
      "/home/fzero/Lighthouse/lectures/w8d1-rails-rspec/code/config/initializers/cookies_serializer.rb": [
        null,
        null,
        null,
        null,
        1
      ],
      "/home/fzero/Lighthouse/lectures/w8d1-rails-rspec/code/config/initializers/filter_parameter_logging.rb": [
        null,
        null,
        null,
        1
      ],
      "/home/fzero/Lighthouse/lectures/w8d1-rails-rspec/code/config/initializers/inflections.rb": [
        null,
        null,
        null,
        null,
        null,
        null,
        null,
        null,
        null,
        null,
        null,
        null,
        null,
        null,
        null,
        null
      ],
      "/home/fzero/Lighthouse/lectures/w8d1-rails-rspec/code/config/initializers/mime_types.rb": [
        null,
        null,
        null,
        null
      ],
      "/home/fzero/Lighthouse/lectures/w8d1-rails-rspec/code/config/initializers/new_framework_defaults.rb": [
        null,
        null,
        null,
        null,
        null,
        null,
        null,
        1,
        null,
        null,
        1,
        null,
        null,
        null,
        1,
        null,
        null,
        1,
        null,
        null,
        1,
        null,
        null,
        1
      ],
      "/home/fzero/Lighthouse/lectures/w8d1-rails-rspec/code/config/initializers/session_store.rb": [
        null,
        null,
        1
      ],
      "/home/fzero/Lighthouse/lectures/w8d1-rails-rspec/code/config/initializers/wrap_parameters.rb": [
        null,
        null,
        null,
        null,
        null,
        null,
        1,
        1,
        null,
        null,
        null,
        null,
        null,
        null
      ],
      "/home/fzero/Lighthouse/lectures/w8d1-rails-rspec/code/spec/factories/bicycle_factory.rb": [
        1,
        1,
        1,
        1,
        1,
        3,
        3,
        null,
        1,
        2,
        1,
        null,
        null,
        1,
        2,
        1,
        null,
        null,
        1,
        1,
        null,
        null,
        1,
        3,
        null,
        null,
        1,
        1,
        1,
        1,
        null,
        null,
        null
      ],
      "/home/fzero/Lighthouse/lectures/w8d1-rails-rspec/code/spec/factories/brand_factory.rb": [
        1,
        null,
        1,
        1,
        1,
        3,
        null,
        null
      ],
      "/home/fzero/Lighthouse/lectures/w8d1-rails-rspec/code/spec/factories/style_factory.rb": [
        1,
        null,
        1,
        1,
        3,
        null,
        null
      ],
      "/home/fzero/Lighthouse/lectures/w8d1-rails-rspec/code/config/routes.rb": [
        1,
        null,
        null
      ],
      "/home/fzero/Lighthouse/lectures/w8d1-rails-rspec/code/app/helpers/application_helper.rb": [
        1,
        null
      ],
      "/home/fzero/Lighthouse/lectures/w8d1-rails-rspec/code/app/models/bicycle.rb": [
        1,
        null,
        1,
        1,
        null,
        1,
        1,
        null,
        1,
        2,
        1,
        null,
        null,
        null,
        null,
        null,
        null,
        null,
        null,
        null,
        null,
        null,
        null,
        null,
        null,
        null
      ],
      "/home/fzero/Lighthouse/lectures/w8d1-rails-rspec/code/app/models/application_record.rb": [
        1,
        1,
        null
      ],
      "/home/fzero/Lighthouse/lectures/w8d1-rails-rspec/code/spec/models/brand_spec.rb": [
        1,
        null,
        1,
        1,
        null
      ],
      "/home/fzero/Lighthouse/lectures/w8d1-rails-rspec/code/app/models/brand.rb": [
        1,
        null,
        1,
        null,
        null,
        null,
        null,
        null,
        null,
        null,
        null,
        null
      ],
      "/home/fzero/Lighthouse/lectures/w8d1-rails-rspec/code/spec/models/style_spec.rb": [
        1,
        null,
        1,
        1,
        null
      ],
      "/home/fzero/Lighthouse/lectures/w8d1-rails-rspec/code/app/models/style.rb": [
        1,
        null,
        1,
        null,
        null,
        null,
        null,
        null,
        null,
        null,
        null
      ]
    },
    "timestamp": 1532363580
  }
}
